GROUP,PACKAGE,CLASS,INSTRUCTION_MISSED,INSTRUCTION_COVERED,BRANCH_MISSED,BRANCH_COVERED,LINE_MISSED,LINE_COVERED,COMPLEXITY_MISSED,COMPLEXITY_COVERED,METHOD_MISSED,METHOD_COVERED
aula,com.devsuperior.dscommerce.services,AuthService,20,3,4,0,4,1,3,1,1,1
aula,com.devsuperior.dscommerce.services,OrderService,92,3,2,0,17,1,4,1,3,1
aula,com.devsuperior.dscommerce.services,CategoryService,0,18,0,0,0,3,0,3,0,3
aula,com.devsuperior.dscommerce.services,ProductService,49,100,2,2,13,21,3,8,2,7
aula,com.devsuperior.dscommerce.services,UserService,86,3,4,0,18,1,5,1,3,1
aula,com.devsuperior.dscommerce.controllers,OrderController,31,3,0,0,6,1,2,1,2,1
aula,com.devsuperior.dscommerce.controllers,CategoryController,7,3,0,0,2,1,1,1,1,1
aula,com.devsuperior.dscommerce.controllers,UserController,7,3,0,0,2,1,1,1,1,1
aula,com.devsuperior.dscommerce.controllers,ProductController,56,3,0,0,12,1,5,1,5,1
